[debug] > Exec(early(addDefaultCommands), None, None)
[debug] > Exec(addDefaultCommands, None, None)
[debug] > Exec(early(initialize), None, None)
[debug] > Exec(initialize, None, None)
[debug] > Exec(boot, None, None)
[debug] > Exec(writeSbtVersion, None, None)
[debug] > Exec(reload, None, None)
[debug] > Exec(sbtStashOnFailure, None, None)
[debug] > Exec(onFailure loadFailed, None, None)
[debug] > Exec(loadp, None, None)
[info] welcome to sbt 1.6.1 (Ubuntu Java 11.0.13)
[debug] Load.defaultLoad until apply took 435.414753ms
[debug]           Load.loadUnit: plugins took 128.08711ms
[debug]           Load.loadUnit: defsScala took 0.464544ms
[debug] [Loading] Scanning directory /home/knoldus/IdeaProjects/ObjectAndClassesAssignment/project
[debug] [Loading] Found non-root projects 
[debug] [Loading] Done in /home/knoldus/IdeaProjects/ObjectAndClassesAssignment/project, returning: ()
[debug] deducing auto plugins based on known facts Set(Atom(sbt.plugins.CorePlugin)) and clauses Clauses(Clause(Atom(sbt.plugins.JvmPlugin),Set(Atom(sbt.plugins.IvyPlugin)))
[debug] Clause(Atom(sbt.ScriptedPlugin),Set(Atom(sbt.plugins.JvmPlugin)))
[debug] Clause(Atom(sbt.plugins.SbtPlugin),Set(Atom(sbt.ScriptedPlugin)))
[debug] Clause(Atom(sbt.plugins.SemanticdbPlugin),Set(Atom(sbt.plugins.JvmPlugin)))
[debug] Clause(Atom(sbt.plugins.JUnitXmlReportPlugin),Set(Atom(sbt.plugins.JvmPlugin)))
[debug] Clause(Atom(sbt.plugins.MiniDependencyTreePlugin),Set(Atom(sbt.plugins.JvmPlugin)))
[debug] Clause(Atom(sbt.plugins.CorePlugin),Set(Atom(sbt.plugins.IvyPlugin)))
[debug] Clause(Atom(sbt.plugins.IvyPlugin),Set(Atom(sbt.plugins.JvmPlugin)))
[debug] Clause(Atom(sbt.plugins.JvmPlugin),Set(Atom(sbt.plugins.SemanticdbPlugin)))
[debug] Clause(Atom(sbt.plugins.JvmPlugin),Set(Atom(sbt.plugins.JUnitXmlReportPlugin)))
[debug] Clause(Atom(sbt.plugins.CorePlugin),Set(Atom(sbt.plugins.Giter8TemplatePlugin)))
[debug] Clause(Atom(sbt.plugins.JvmPlugin),Set(Atom(sbt.plugins.MiniDependencyTreePlugin))))
[debug]   :: deduced result: Matched(sbt.plugins.CorePlugin,sbt.plugins.Giter8TemplatePlugin,sbt.plugins.IvyPlugin,sbt.plugins.JvmPlugin,sbt.plugins.MiniDependencyTreePlugin,sbt.plugins.JUnitXmlReportPlugin,sbt.plugins.SemanticdbPlugin)
[debug] Plugins.deducer#function took 26.912437 ms
[debug]               Load.resolveProject(objectandclassesassignment-build) took 72.399221ms
[debug]             Load.loadTransitive: finalizeProject(Project(id objectandclassesassignment-build, base: /home/knoldus/IdeaProjects/ObjectAndClassesAssignment/project, plugins: List(<none>))) took 145.38978ms
[debug] [Loading] Done in /home/knoldus/IdeaProjects/ObjectAndClassesAssignment/project, returning: (objectandclassesassignment-build)
[debug]           Load.loadUnit: loadedProjectsRaw took 179.555647ms
[debug]           Load.loadUnit: cleanEvalClasses took 0.30611ms
[debug]         Load.loadUnit(file:/home/knoldus/IdeaProjects/ObjectAndClassesAssignment/project/, ...) took 316.162399ms
[debug]       Load.apply: load took 555.790717ms
[debug]       Load.apply: resolveProjects took 5.754255ms
[debug]       Load.apply: finalTransforms took 79.118028ms
[debug]       Load.apply: config.delegates took 5.870965ms
[debug]       Load.apply: Def.make(settings)... took 506.158774ms
[debug]       Load.apply: structureIndex took 116.355655ms
[debug]       Load.apply: mkStreams took 1.694016ms
[info] loading project definition from /home/knoldus/IdeaProjects/ObjectAndClassesAssignment/project
[debug] Running task... Cancel: Signal, check cycles: false, forcegc: true
[debug]     Load.loadUnit: plugins took 2032.696775ms
[debug]     Load.loadUnit: defsScala took 0.003062ms
[debug] [Loading] Scanning directory /home/knoldus/IdeaProjects/ObjectAndClassesAssignment
[debug]       Load.loadUnit: mkEval took 7.326011ms
[debug] [Loading] Found root project root w/ remaining 
[debug] deducing auto plugins based on known facts Set(Atom(sbt.plugins.CorePlugin)) and clauses Clauses(Clause(Atom(sbt.plugins.JvmPlugin),Set(Atom(sbt.plugins.IvyPlugin)))
[debug] Clause(Atom(sbt.ScriptedPlugin),Set(Atom(sbt.plugins.JvmPlugin)))
[debug] Clause(Atom(sbt.plugins.SbtPlugin),Set(Atom(sbt.ScriptedPlugin)))
[debug] Clause(Atom(sbt.plugins.SemanticdbPlugin),Set(Atom(sbt.plugins.JvmPlugin)))
[debug] Clause(Atom(sbt.plugins.JUnitXmlReportPlugin),Set(Atom(sbt.plugins.JvmPlugin)))
[debug] Clause(Atom(sbt.plugins.MiniDependencyTreePlugin),Set(Atom(sbt.plugins.JvmPlugin)))
[debug] Clause(Atom(sbt.plugins.CorePlugin),Set(Atom(sbt.plugins.IvyPlugin)))
[debug] Clause(Atom(sbt.plugins.IvyPlugin),Set(Atom(sbt.plugins.JvmPlugin)))
[debug] Clause(Atom(sbt.plugins.JvmPlugin),Set(Atom(sbt.plugins.SemanticdbPlugin)))
[debug] Clause(Atom(sbt.plugins.JvmPlugin),Set(Atom(sbt.plugins.JUnitXmlReportPlugin)))
[debug] Clause(Atom(sbt.plugins.CorePlugin),Set(Atom(sbt.plugins.Giter8TemplatePlugin)))
[debug] Clause(Atom(sbt.plugins.JvmPlugin),Set(Atom(sbt.plugins.MiniDependencyTreePlugin))))
[debug]   :: deduced result: Matched(sbt.plugins.CorePlugin,sbt.plugins.Giter8TemplatePlugin,sbt.plugins.IvyPlugin,sbt.plugins.JvmPlugin,sbt.plugins.MiniDependencyTreePlugin,sbt.plugins.JUnitXmlReportPlugin,sbt.plugins.SemanticdbPlugin)
[debug] Plugins.deducer#function took 1.38763 ms
[info] loading settings for project root from build.sbt ...
[debug]         Load.resolveProject(root) took 3.259676ms
[debug]       Load.loadTransitive: finalizeProject(Project(id root, base: /home/knoldus/IdeaProjects/ObjectAndClassesAssignment, plugins: List(<none>))) took 6.049155ms
[debug] [Loading] Done in /home/knoldus/IdeaProjects/ObjectAndClassesAssignment, returning: (root)
[debug]     Load.loadUnit: loadedProjectsRaw took 2933.794009ms
[debug]     Load.loadUnit: cleanEvalClasses took 6.41781ms
[debug]   Load.loadUnit(file:/home/knoldus/IdeaProjects/ObjectAndClassesAssignment/, ...) took 4974.642003ms
[debug] Load.apply: load took 5005.71532ms
[debug] Load.apply: resolveProjects took 0.205481ms
[debug] Load.apply: finalTransforms took 11.244539ms
[debug] Load.apply: config.delegates took 0.454462ms
[debug] Load.apply: Def.make(settings)... took 149.704058ms
[debug] Load.apply: structureIndex took 40.518891ms
[debug] Load.apply: mkStreams took 0.004451ms
[info] set current project to ObjectAndClassesAssignment (in build file:/home/knoldus/IdeaProjects/ObjectAndClassesAssignment/)
[debug] > Exec(sbtPopOnFailure, None, None)
[debug] > Exec(resumeFromFailure, None, None)
[debug] > Exec(notifyUsersAboutShell, None, None)
[debug] > Exec(iflast shell, None, None)
[debug] > Exec(shell, None, None)
[info] sbt server started at local:///home/knoldus/.sbt/1.0/server/7ea8d4fbb9aa92117293/sock
[debug] Writing bsp connection file
[info] started sbt server
